<?xml version="1.0" encoding="UTF-8"?>
<!-- Generated by org.testng.reporters.JUnitReportReporter -->
<testsuite hostname="DESKTOP-5RDN3M7" failures="0" tests="1" name="com.testcase.ReadExcelTest" time="1.626" errors="0" timestamp="2025-02-12T03:43:29 GMT+06:30" skipped="0">
  <testcase classname="com.testcase.ReadExcelTest" name="readExcelTest" time="1.626"/>
  <system-out/>
</testsuite> <!-- com.testcase.ReadExcelTest -->
