<?xml version="1.0" encoding="UTF-8"?>
<!-- Generated by org.testng.reporters.JUnitReportReporter -->
<testsuite hostname="DESKTOP-5RDN3M7" failures="0" tests="1" name="com.readExcel.ReadExcel" time="1.667" errors="0" timestamp="2025-02-11T20:23:02 GMT+06:30" skipped="0">
  <testcase classname="com.readExcel.ReadExcel" name="readExcel" time="1.667"/>
  <system-out/>
</testsuite> <!-- com.readExcel.ReadExcel -->
