<?xml version="1.0" encoding="UTF-8"?>
<!-- Generated by org.testng.reporters.JUnitReportReporter -->
<testsuite hostname="DESKTOP-5RDN3M7" failures="0" tests="2" name="com.testcase.WriteExcelTesst" time="2.060" errors="0" timestamp="2025-02-12T04:23:01 GMT+06:30" skipped="0">
  <testcase classname="com.testcase.WriteExcelTesst" name="writeExcelTest" time="1.891"/>
  <system-out/>
  <testcase classname="com.testcase.WriteExcelTesst" name="writeExcelTest1" time="0.169"/>
  <system-out/>
</testsuite> <!-- com.testcase.WriteExcelTesst -->
